<?xml version="1.0" encoding="UTF-8"?>
<beans xmlns="http://www.springframework.org/schema/beans"
	xmlns:p="http://www.springframework.org/schema/p" xmlns:xsi="http://www.w3.org/2001/XMLSchema-instance"
	xmlns:context="http://www.springframework.org/schema/context" xmlns:tx="http://www.springframework.org/schema/tx"
	xmlns:aop="http://www.springframework.org/schema/aop" xmlns:jms="http://www.springframework.org/schema/jms"
	xmlns:jee="http://www.springframework.org/schema/jee" xmlns:jpa="http://www.springframework.org/schema/data/jpa"
	xsi:schemaLocation="
           http://www.springframework.org/schema/beans
           http://www.springframework.org/schema/beans/spring-beans-4.1.xsd
           http://www.springframework.org/schema/context
           http://www.springframework.org/schema/context/spring-context-4.1.xsd
           http://www.springframework.org/schema/tx  http://www.springframework.org/schema/tx/spring-tx-4.1.xsd
           http://www.springframework.org/schema/aop http://www.springframework.org/schema/aop/spring-aop-4.1.xsd
           http://www.springframework.org/schema/jee 
           http://www.springframework.org/schema/jee/spring-jee-4.1.xsd
           http://www.springframework.org/schema/jms
           http://www.springframework.org/schema/jms/spring-jms-4.1.xsd
           http://www.springframework.org/schema/data/jpa 
           http://www.springframework.org/schema/data/jpa/spring-jpa.xsd">

	<context:component-scan base-package="hu.unideb.webshop" />

	<jpa:repositories base-package="hu.unideb.webshop.dao"
		repository-impl-postfix="Impl" />

	<context:annotation-config />



</beans>